2024-09-19T18:00:37.788Z - GET /api/users/profile
2024-09-19T18:16:23.766Z - POST /api/auth/signup
2024-09-19T18:18:13.851Z - POST /api/auth/signup
2024-09-19T18:18:16.149Z - POST /api/auth/signup
2024-09-19T18:19:21.105Z - POST /api/auth/signup
2024-09-19T18:22:40.483Z - POST /api/auth/signup
2024-09-19T18:22:42.639Z - POST /api/auth/signup
2024-09-19T18:24:45.025Z - POST /api/auth/login
2024-09-19T18:24:50.567Z - POST /api/auth/login
2024-09-19T18:25:39.694Z - POST /api/auth/google-login
2024-09-19T18:25:50.822Z - POST /api/auth/google-login
2024-09-19T18:25:52.396Z - POST /api/auth/google-login
2024-09-19T18:26:02.210Z - POST /api/auth/google-login
2024-09-19T18:29:38.778Z - POST /api/auth/google-login
2024-09-19T18:29:41.711Z - POST /api/auth/google-login
2024-09-19T18:30:59.978Z - POST /api/auth/google-login
2024-09-19T18:31:07.763Z - POST /api/auth/google-login
2024-09-19T18:31:58.576Z - POST /api/auth/google-login
2024-09-19T18:32:04.685Z - POST /api/auth/google-login
2024-09-19T18:32:55.848Z - POST /api/auth/google-login
2024-09-19T18:33:43.813Z - GET //api/users/profile
2024-09-19T18:33:51.969Z - GET /api/users/profile
2024-09-19T18:33:53.952Z - GET /api/users/profile
2024-09-19T18:34:20.607Z - POST /api/auth/login
2024-09-19T18:34:45.989Z - GET /api/users/profile
2024-09-19T18:35:27.278Z - PUT /api/users/profile
2024-09-19T18:40:30.489Z - GET /api/orders
2024-09-19T18:40:40.806Z - GET /api/orders
2024-09-19T18:43:05.192Z - POST /api/orders
2024-09-19T18:54:38.977Z - POST /api/orders
2024-09-19T18:54:41.389Z - POST /api/orders
2024-09-19T18:57:39.948Z - POST /api/orders
2024-09-19T18:58:52.972Z - POST /api/orders
2024-09-19T18:58:54.481Z - POST /api/orders
2024-09-19T18:58:58.002Z - POST /api/orders
2024-09-19T18:59:33.909Z - POST /api/orders
2024-09-19T18:59:35.598Z - POST /api/orders
2024-09-19T18:59:44.664Z - POST /api/orders
2024-09-19T19:02:08.923Z - POST /api/orders
2024-09-19T19:02:22.154Z - POST /api/orders
2024-09-19T19:08:20.935Z - POST /api/orders
2024-09-19T19:17:39.525Z - POST /api/orders
2024-09-19T19:17:41.225Z - POST /api/orders
2024-09-19T19:17:45.268Z - POST /api/orders
2024-09-19T19:19:54.281Z - POST /api/orders
2024-09-19T19:21:34.213Z - POST /api/orders
2024-09-19T19:25:30.087Z - POST /api/orders
2024-09-22T14:20:06.425Z - POST /api/orders
2024-09-22T14:20:16.454Z - POST /api/auth/login
2024-09-22T14:20:29.733Z - PUT /api/users/profile
2024-09-22T14:20:36.816Z - PUT /api/users/profile
2024-09-22T14:20:42.938Z - POST /api/orders
2024-09-22T14:20:50.506Z - POST /api/orders
2024-09-22T14:21:37.987Z - POST /api/orders
2024-09-22T14:21:39.589Z - POST /api/orders
2024-09-22T14:21:45.417Z - POST /api/orders
2024-09-22T14:21:57.662Z - POST /api/orders
2024-09-22T14:22:03.436Z - POST /api/orders
2024-09-22T14:24:33.534Z - POST /api/orders
2024-09-22T14:26:07.850Z - POST /api/orders
2024-09-22T14:27:09.005Z - POST /api/orders
2024-09-22T14:27:11.366Z - POST /api/orders
2024-09-22T14:28:12.236Z - POST /api/orders
2024-09-22T14:28:21.832Z - POST /api/orders
2024-09-22T14:29:41.290Z - POST /api/orders
2024-09-22T14:57:23.639Z - POST /api/orders
2024-09-22T14:57:37.202Z - POST /api/orders
2024-09-22T14:57:59.866Z - POST /api/orders
2024-09-22T14:58:49.319Z - GET /api/orders
2024-09-22T14:59:07.413Z - POST /api/orders
2024-09-22T14:59:12.795Z - GET /api/orders
2024-09-22T15:02:15.653Z - POST /api/orders
2024-09-22T15:47:27.296Z - POST /api/orders
2024-09-22T15:47:28.870Z - POST /api/orders
2024-09-22T15:47:34.235Z - POST /api/auth/google-login
2024-09-22T15:47:37.230Z - POST /api/orders
2024-09-22T15:47:38.618Z - POST /api/orders
2024-09-22T15:47:56.130Z - POST /api/orders
2024-09-22T15:55:21.118Z - POST /api/orders
2024-09-22T15:56:01.792Z - POST /api/orders
2024-09-22T16:09:38.905Z - POST /api/orders
2024-09-22T16:10:40.635Z - POST /api/orders
2024-09-22T16:16:01.990Z - POST /api/orders
2024-09-22T16:16:29.874Z - POST /api/orders
2024-09-22T16:18:46.935Z - POST /api/orders
2024-09-22T16:19:23.286Z - POST /api/orders
2024-09-22T16:20:10.115Z - GET /api/orders
2024-09-22T16:20:27.587Z - POST /api/orders
2024-09-22T16:23:07.813Z - POST /api/orders
2024-09-22T16:23:56.977Z - POST /api/orders
2024-09-22T16:25:45.761Z - POST /api/orders
2024-09-22T16:26:35.022Z - POST /api/auth/login
2024-09-22T16:26:45.775Z - POST /api/orders
2024-09-22T16:27:37.330Z - POST /api/orders
2024-09-22T16:28:37.659Z - POST /api/auth/login
2024-09-22T16:28:49.393Z - POST /api/orders
2024-09-22T16:29:43.205Z - POST /api/orders
2024-09-22T17:41:32.368Z - POST /api/orders
2024-09-22T17:41:45.115Z - POST /api/auth/login
2024-09-22T17:41:53.918Z - POST /api/orders
2024-09-22T17:44:13.793Z - POST /api/orders
2024-09-22T18:14:37.418Z - POST /api/orders
2024-09-22T18:17:45.744Z - POST /api/orders
2024-09-22T18:18:44.937Z - POST /api/orders
2024-09-22T18:21:42.150Z - POST /api/orders
2024-09-22T18:21:49.854Z - POST /api/orders
2024-09-22T18:22:31.376Z - POST /api/orders
2024-09-22T18:22:47.123Z - POST /api/orders
2024-09-23T05:19:28.100Z - POST /api/auth/forgot-password
2024-09-23T05:19:43.155Z - POST /api/auth/forgot-password
2024-09-23T05:24:42.313Z - POST /api/auth/forgot-password
2024-09-23T05:25:05.562Z - POST /api/auth/forgot-password
2024-09-23T05:26:43.440Z - POST /api/auth/reset-password
2024-09-23T05:27:39.070Z - POST /api/auth/login
2024-09-23T05:27:47.324Z - POST /api/auth/login
2024-09-23T06:01:08.769Z - POST /api/orders
2024-09-23T06:01:14.621Z - POST /api/auth/google-login
2024-09-23T06:01:46.151Z - GET /api/orders
2024-09-23T06:32:41.883Z - GET /api/orders
2024-09-23T06:32:47.515Z - POST /api/auth/google-login
2024-09-23T06:32:57.738Z - GET /api/orders
2024-09-23T06:33:08.838Z - GET /api/orders
2024-09-23T06:34:02.792Z - GET /api/orders
2024-09-23T06:34:22.766Z - GET /api/orders
2024-09-23T06:34:31.025Z - GET /api/orders
2024-09-23T11:40:36.162Z - GET /
2024-09-23T11:40:36.279Z - GET /favicon.ico
2024-09-23T11:40:39.534Z - GET /
2024-09-23T11:40:47.392Z - GET /api/orders
2024-09-23T12:48:04.526Z - GET /api/orders
2024-09-23T16:28:26.537Z - POST /api/auth/login
2024-09-23T16:43:52.806Z - GET /api/orders
2024-09-23T16:43:54.405Z - GET /api/orders
2024-09-23T16:49:30.121Z - GET /api/orders
2024-09-23T16:50:27.905Z - GET /api/orders
2024-09-23T17:30:59.860Z - POST /api/orders/checkout
2024-09-23T17:31:11.346Z - POST /api/auth/login
2024-09-23T17:31:23.046Z - POST /api/orders/checkout
2024-09-23T17:31:27.707Z - POST /api/orders/checkout
2024-09-23T17:33:37.483Z - POST /api/orders/
2024-09-23T17:33:47.841Z - POST /api/orders/checkout
2024-09-23T17:34:54.592Z - POST /api/orders/checkout
2024-09-23T17:34:56.460Z - POST /api/orders/checkout
2024-09-23T19:15:37.053Z - POST /api/orders/checkout
2024-09-23T19:15:43.518Z - POST /api/auth/login
2024-09-23T19:15:59.593Z - POST /api/orders/checkout
2024-09-23T19:16:25.954Z - POST /api/orders/checkout
2024-09-23T19:17:37.713Z - POST /api/orders/checkout
2024-09-23T19:17:47.162Z - POST /api/orders/checkout
2024-09-23T19:19:58.281Z - POST /api/orders/checkout
2024-09-23T19:32:53.972Z - POST /api/orders
2024-09-23T19:33:00.053Z - POST /api/auth/google-login
2024-09-23T19:33:19.868Z - POST /api/orders
2024-09-24T07:17:07.405Z - GET /
2024-09-24T07:17:07.555Z - GET /favicon.ico
2024-09-24T07:17:12.030Z - GET /api-docs
2024-09-24T07:17:12.129Z - GET /api-docs/
2024-09-24T07:17:12.249Z - GET /api-docs/swagger-ui.css
2024-09-24T07:17:12.253Z - GET /api-docs/swagger-ui-bundle.js
2024-09-24T07:17:12.256Z - GET /api-docs/swagger-ui-standalone-preset.js
2024-09-24T07:17:12.260Z - GET /api-docs/swagger-ui-init.js
2024-09-24T07:17:13.089Z - GET /api-docs/favicon-32x32.png
2024-09-24T07:24:44.414Z - GET /api-docs/
2024-09-24T07:24:44.539Z - GET /api-docs/swagger-ui.css
2024-09-24T07:24:44.541Z - GET /api-docs/swagger-ui-bundle.js
2024-09-24T07:24:44.543Z - GET /api-docs/swagger-ui-init.js
2024-09-24T07:24:44.545Z - GET /api-docs/swagger-ui-standalone-preset.js
2024-09-24T07:24:45.025Z - GET /api-docs/favicon-32x32.png
2024-09-24T07:24:53.899Z - GET /api-docs/
2024-09-24T07:24:53.989Z - GET /api-docs/swagger-ui.css
2024-09-24T07:24:53.993Z - GET /api-docs/swagger-ui-bundle.js
2024-09-24T07:24:53.996Z - GET /api-docs/swagger-ui-standalone-preset.js
2024-09-24T07:24:53.998Z - GET /api-docs/swagger-ui-init.js
2024-09-24T07:24:54.154Z - GET /api-docs/favicon-32x32.png
2024-09-24T07:30:02.694Z - GET /api-docs/
2024-09-24T07:30:02.819Z - GET /api-docs/swagger-ui.css
2024-09-24T07:30:02.824Z - GET /api-docs/swagger-ui-bundle.js
2024-09-24T07:30:02.828Z - GET /api-docs/swagger-ui-standalone-preset.js
2024-09-24T07:30:02.831Z - GET /api-docs/swagger-ui-init.js
2024-09-24T07:30:03.468Z - GET /api-docs/favicon-32x32.png
2024-09-24T07:30:18.457Z - GET /api-docs/
2024-09-24T07:30:18.586Z - GET /api-docs/swagger-ui.css
2024-09-24T07:30:18.589Z - GET /api-docs/swagger-ui-bundle.js
2024-09-24T07:30:18.590Z - GET /api-docs/swagger-ui-standalone-preset.js
2024-09-24T07:30:18.592Z - GET /api-docs/swagger-ui-init.js
2024-09-24T07:30:19.156Z - GET /api-docs/favicon-32x32.png
2024-09-24T07:40:05.417Z - GET /api/orders
2024-09-24T07:40:59.397Z - GET /api/orders
2024-09-24T07:41:00.844Z - GET /api/orders
2024-09-24T07:41:01.595Z - GET /api/orders
2024-09-24T07:41:13.446Z - GET /api/orders
2024-09-24T07:41:44.974Z - POST /api/auth/login
2024-09-24T07:42:06.750Z - GET /api/orders
2024-09-24T07:42:35.589Z - GET /api/orders
2024-09-24T07:44:30.953Z - GET /api-docs/
2024-09-24T07:44:31.088Z - GET /api-docs/swagger-ui.css
2024-09-24T07:44:31.090Z - GET /api-docs/swagger-ui-bundle.js
2024-09-24T07:44:31.092Z - GET /api-docs/swagger-ui-standalone-preset.js
2024-09-24T07:44:31.094Z - GET /api-docs/swagger-ui-init.js
2024-09-24T07:44:31.666Z - GET /api-docs/favicon-32x32.png
2024-09-24T07:44:37.912Z - GET /api-docs/productmuta-ewbdh9hmdrfqcuep.eastasia-01.azurewebsites.net/api/orders
2024-09-24T07:44:49.444Z - GET /api-docs/productmuta-ewbdh9hmdrfqcuep.eastasia-01.azurewebsites.net/api/orders
2024-09-24T07:45:10.453Z - GET /api-docs/productmuta-ewbdh9hmdrfqcuep.eastasia-01.azurewebsites.net/api/orders
2024-09-24T07:45:11.464Z - GET /api-docs/productmuta-ewbdh9hmdrfqcuep.eastasia-01.azurewebsites.net/api/orders
2024-09-24T10:44:39.183Z - GET /api-docs/
2024-09-24T10:44:39.358Z - GET /api-docs/swagger-ui.css
2024-09-24T10:44:39.360Z - GET /api-docs/swagger-ui-bundle.js
2024-09-24T10:44:39.362Z - GET /api-docs/swagger-ui-standalone-preset.js
2024-09-24T10:44:39.364Z - GET /api-docs/swagger-ui-init.js
2024-09-24T10:44:39.962Z - GET /api-docs/favicon-32x32.png
2024-09-24T10:44:45.841Z - GET /api/orders
2024-09-24T10:45:07.618Z - POST /api/auth/login
2024-09-24T10:45:21.298Z - GET /api/orders
2024-09-24T10:45:24.682Z - GET /api/orders
2024-09-24T10:45:27.423Z - GET /api/orders
2024-09-24T10:45:28.215Z - GET /api/orders
2024-09-24T10:45:28.956Z - GET /api/orders
2024-09-24T10:45:32.817Z - GET /api/orders
2024-09-24T10:46:01.189Z - GET /api/orders
2024-09-24T10:46:02.087Z - GET /api/orders
2024-09-24T10:46:04.855Z - GET /api/orders
2024-09-24T10:46:06.180Z - GET /api/orders
2024-09-24T10:46:17.654Z - POST /api/auth/login
2024-09-24T10:46:30.654Z - POST /api/auth/login
2024-09-24T10:46:34.633Z - GET /api/orders
2024-09-24T10:46:37.121Z - GET /api/orders
2024-09-24T10:47:23.737Z - GET /api-docs/
2024-09-24T10:47:23.851Z - GET /api-docs/swagger-ui.css
2024-09-24T10:47:23.857Z - GET /api-docs/swagger-ui-bundle.js
2024-09-24T10:47:23.860Z - GET /api-docs/swagger-ui-standalone-preset.js
2024-09-24T10:47:23.864Z - GET /api-docs/swagger-ui-init.js
2024-09-24T10:47:24.389Z - GET /api-docs/favicon-32x32.png
2024-09-24T10:54:51.001Z - GET /api-docs/
2024-09-24T10:54:51.138Z - GET /api-docs/swagger-ui.css
2024-09-24T10:54:51.143Z - GET /api-docs/swagger-ui-bundle.js
2024-09-24T10:54:51.145Z - GET /api-docs/swagger-ui-standalone-preset.js
2024-09-24T10:54:51.147Z - GET /api-docs/swagger-ui-init.js
2024-09-24T10:54:51.728Z - GET /api-docs/favicon-32x32.png
2024-09-24T10:55:21.833Z - POST /api/auth/login
2024-09-24T10:55:45.708Z - GET /api/orders
2024-09-24T10:56:02.907Z - POST /api/orders/checkout
2024-09-24T10:57:35.802Z - POST /api/orders
2024-09-24T11:03:51.915Z - GET /api-docs/
2024-09-24T11:03:52.046Z - GET /api-docs/swagger-ui.css
2024-09-24T11:03:52.051Z - GET /api-docs/swagger-ui-bundle.js
2024-09-24T11:03:52.053Z - GET /api-docs/swagger-ui-standalone-preset.js
2024-09-24T11:03:52.055Z - GET /api-docs/swagger-ui-init.js
2024-09-24T11:03:52.562Z - GET /api-docs/favicon-32x32.png
2024-09-24T11:05:40.568Z - GET /api-docs/
2024-09-24T11:05:40.695Z - GET /api-docs/swagger-ui.css
2024-09-24T11:05:40.699Z - GET /api-docs/swagger-ui-bundle.js
2024-09-24T11:05:40.702Z - GET /api-docs/swagger-ui-standalone-preset.js
2024-09-24T11:05:40.704Z - GET /api-docs/swagger-ui-init.js
2024-09-24T11:05:41.247Z - GET /api-docs/favicon-32x32.png
2024-09-24T11:10:59.264Z - POST /api/auth/login
2024-09-24T11:11:19.434Z - POST /api/orders/checkout
2024-09-24T11:11:22.999Z - POST /api/orders/checkout
2024-09-24T11:11:27.220Z - POST /api/orders/checkout
2024-09-24T11:14:08.294Z - POST /api/orders/checkout
2024-09-24T11:14:22.244Z - POST /api/orders/checkout
2024-09-24T11:16:18.716Z - POST /api/orders/checkout
2024-09-24T11:19:55.936Z - POST /api/orders/checkout
2024-09-24T11:20:36.197Z - POST /api/orders/checkout
2024-09-24T11:23:01.165Z - GET /api-docs/
2024-09-24T11:23:01.307Z - GET /api-docs/swagger-ui.css
2024-09-24T11:23:01.310Z - GET /api-docs/swagger-ui-bundle.js
2024-09-24T11:23:01.312Z - GET /api-docs/swagger-ui-standalone-preset.js
2024-09-24T11:23:01.314Z - GET /api-docs/swagger-ui-init.js
2024-09-24T11:23:01.874Z - GET /api-docs/favicon-32x32.png
2024-09-24T11:23:30.762Z - POST /api/auth/login
2024-09-24T11:23:46.699Z - GET /api/orders
2024-09-24T11:23:49.737Z - GET /api/orders
2024-09-24T11:24:02.284Z - POST /api/orders/checkout
2024-09-24T11:24:03.990Z - POST /api/orders/checkout
2024-09-24T11:24:14.517Z - GET /api/orders
2024-09-24T11:24:15.923Z - GET /api/orders
2024-09-24T11:24:34.817Z - GET /api/users/profile
2024-09-24T11:24:40.221Z - POST /api/auth/login
2024-09-24T11:24:53.346Z - GET /api/users/profile
2024-09-24T11:24:58.899Z - GET /api/orders
2024-09-24T11:25:06.544Z - POST /api/orders/checkout
